# JRE version: Java(TM) SE Runtime Environment (15.0.1+9) (build 15.0.1+9-18)
# Java VM: Java HotSpot(TM) 64-Bit Server VM (15.0.1+9-18, mixed mode, sharing, tiered, compressed oops, g1 gc, windows-amd64)
GC Precious Log:
 CPUs: 2 total, 2 available
 Memory: 5738M
 Large Page Support: Disabled
 NUMA Support: Disabled
 Compressed Oops: Enabled (32-bit)
 Heap Region Size: 1M
 Heap Min Capacity: 8M
 Heap Initial Capacity: 90M
 Heap Max Capacity: 2G
 Pre-touch: Disabled
 Parallel Workers: 2
 Concurrent Workers: 1
 Concurrent Refinement Workers: 2
 Periodic GC: Disabled
Heap:
 garbage-first heap   total 148480K, used 120236K [0x0000000080000000, 0x0000000100000000)
  region size 1024K, 38 young (38912K), 5 survivors (5120K)
 Metaspace       used 97566K, capacity 98902K, committed 99072K, reserved 1136640K
  class space    used 12055K, capacity 12438K, committed 12544K, reserved 1048576K
GC Heap History (20 events):
Event: 129.412 GC heap after
{Heap after GC invocations=38 (full 0):
 garbage-first heap   total 111616K, used 68334K [0x0000000080000000, 0x0000000100000000)
  region size 1024K, 4 young (4096K), 4 survivors (4096K)
 Metaspace       used 69625K, capacity 70792K, committed 71040K, reserved 1112064K
  class space    used 8993K, capacity 9291K, committed 9344K, reserved 1048576K
}
Event: 134.970 GC heap before
{Heap before GC invocations=39 (full 0):
 garbage-first heap   total 116736K, used 90862K [0x0000000080000000, 0x0000000100000000)
  region size 1024K, 27 young (27648K), 4 survivors (4096K)
 Metaspace       used 70137K, capacity 71240K, committed 71424K, reserved 1112064K
  class space    used 9030K, capacity 9355K, committed 9472K, reserved 1048576K
}
Event: 135.011 GC heap after
{Heap after GC invocations=40 (full 0):
 garbage-first heap   total 116736K, used 69846K [0x0000000080000000, 0x0000000100000000)
  region size 1024K, 2 young (2048K), 2 survivors (2048K)
 Metaspace       used 70137K, capacity 71240K, committed 71424K, reserved 1112064K
  class space    used 9030K, capacity 9355K, committed 9472K, reserved 1048576K
}
Event: 150.854 GC heap before
{Heap before GC invocations=40 (full 0):
 garbage-first heap   total 116736K, used 95446K [0x0000000080000000, 0x0000000100000000)
  region size 1024K, 28 young (28672K), 2 survivors (2048K)
 Metaspace       used 71936K, capacity 73086K, committed 73216K, reserved 1112064K
  class space    used 9286K, capacity 9607K, committed 9728K, reserved 1048576K
}
Event: 150.883 GC heap after
{Heap after GC invocations=41 (full 0):
 garbage-first heap   total 116736K, used 71172K [0x0000000080000000, 0x0000000100000000)
  region size 1024K, 3 young (3072K), 3 survivors (3072K)
 Metaspace       used 71936K, capacity 73086K, committed 73216K, reserved 1112064K
  class space    used 9286K, capacity 9607K, committed 9728K, reserved 1048576K
}
Event: 153.998 GC heap before
{Heap before GC invocations=42 (full 0):
 garbage-first heap   total 121856K, used 83460K [0x0000000080000000, 0x0000000100000000)
  region size 1024K, 17 young (17408K), 3 survivors (3072K)
 Metaspace       used 74861K, capacity 76032K, committed 76288K, reserved 1116160K
  class space    used 9633K, capacity 9923K, committed 9984K, reserved 1048576K
}
Event: 154.035 GC heap after
{Heap after GC invocations=43 (full 0):
 garbage-first heap   total 121856K, used 72068K [0x0000000080000000, 0x0000000100000000)
  region size 1024K, 3 young (3072K), 3 survivors (3072K)
 Metaspace       used 74861K, capacity 76032K, committed 76288K, reserved 1116160K
  class space    used 9633K, capacity 9923K, committed 9984K, reserved 1048576K
}
Event: 159.970 GC heap before
{Heap before GC invocations=44 (full 0):
 garbage-first heap   total 130048K, used 102788K [0x0000000080000000, 0x0000000100000000)
  region size 1024K, 32 young (32768K), 3 survivors (3072K)
 Metaspace       used 78161K, capacity 79349K, committed 79488K, reserved 1118208K
  class space    used 10041K, capacity 10343K, committed 10368K, reserved 1048576K
}
Event: 160.020 GC heap after
{Heap after GC invocations=45 (full 0):
 garbage-first heap   total 130048K, used 75313K [0x0000000080000000, 0x0000000100000000)
  region size 1024K, 4 young (4096K), 4 survivors (4096K)
 Metaspace       used 78161K, capacity 79349K, committed 79488K, reserved 1118208K
  class space    used 10041K, capacity 10343K, committed 10368K, reserved 1048576K
}
Event: 168.950 GC heap before
{Heap before GC invocations=45 (full 0):
 garbage-first heap   total 130048K, used 100913K [0x0000000080000000, 0x0000000100000000)
  region size 1024K, 31 young (31744K), 4 survivors (4096K)
 Metaspace       used 86123K, capacity 87259K, committed 87424K, reserved 1126400K
  class space    used 10975K, capacity 11312K, committed 11392K, reserved 1048576K
}
Event: 169.006 GC heap after
{Heap after GC invocations=46 (full 0):
 garbage-first heap   total 130048K, used 77912K [0x0000000080000000, 0x0000000100000000)
  region size 1024K, 4 young (4096K), 4 survivors (4096K)
 Metaspace       used 86123K, capacity 87259K, committed 87424K, reserved 1126400K
  class space    used 10975K, capacity 11312K, committed 11392K, reserved 1048576K
}
Event: 196.311 GC heap before
{Heap before GC invocations=47 (full 0):
 garbage-first heap   total 140288K, used 107608K [0x0000000080000000, 0x0000000100000000)
  region size 1024K, 32 young (32768K), 4 survivors (4096K)
 Metaspace       used 88329K, capacity 89509K, committed 89600K, reserved 1128448K
  class space    used 11170K, capacity 11507K, committed 11520K, reserved 1048576K
}
Event: 196.365 GC heap after
{Heap after GC invocations=48 (full 0):
 garbage-first heap   total 140288K, used 84359K [0x0000000080000000, 0x0000000100000000)
  region size 1024K, 4 young (4096K), 4 survivors (4096K)
 Metaspace       used 88329K, capacity 89509K, committed 89600K, reserved 1128448K
  class space    used 11170K, capacity 11507K, committed 11520K, reserved 1048576K
}
Event: 203.881 GC heap before
{Heap before GC invocations=48 (full 0):
 garbage-first heap   total 140288K, used 113031K [0x0000000080000000, 0x0000000100000000)
  region size 1024K, 32 young (32768K), 4 survivors (4096K)
 Metaspace       used 89782K, capacity 91023K, committed 91264K, reserved 1128448K
  class space    used 11306K, capacity 11646K, committed 11648K, reserved 1048576K
}
Event: 203.929 GC heap after
{Heap after GC invocations=49 (full 0):
 garbage-first heap   total 140288K, used 84926K [0x0000000080000000, 0x0000000100000000)
  region size 1024K, 3 young (3072K), 3 survivors (3072K)
 Metaspace       used 89782K, capacity 91023K, committed 91264K, reserved 1128448K
  class space    used 11306K, capacity 11646K, committed 11648K, reserved 1048576K
}
Event: 208.989 GC heap before
{Heap before GC invocations=50 (full 0):
 garbage-first heap   total 148480K, used 113598K [0x0000000080000000, 0x0000000100000000)
  region size 1024K, 31 young (31744K), 3 survivors (3072K)
 Metaspace       used 92292K, capacity 93557K, committed 93696K, reserved 1130496K
  class space    used 11635K, capacity 11999K, committed 12032K, reserved 1048576K
}
Event: 209.031 GC heap after
{Heap after GC invocations=51 (full 0):
 garbage-first heap   total 148480K, used 85682K [0x0000000080000000, 0x0000000100000000)
  region size 1024K, 1 young (1024K), 1 survivors (1024K)
 Metaspace       used 92292K, capacity 93557K, committed 93696K, reserved 1130496K
  class space    used 11635K, capacity 11999K, committed 12032K, reserved 1048576K
}
Event: 255.773 GC heap before
{Heap before GC invocations=51 (full 0):
 garbage-first heap   total 148480K, used 118450K [0x0000000080000000, 0x0000000100000000)
  region size 1024K, 34 young (34816K), 1 survivors (1024K)
 Metaspace       used 97021K, capacity 98309K, committed 98560K, reserved 1134592K
  class space    used 12045K, capacity 12423K, committed 12544K, reserved 1048576K
}
Event: 255.801 GC heap after
{Heap after GC invocations=52 (full 0):
 garbage-first heap   total 148480K, used 87468K [0x0000000080000000, 0x0000000100000000)
  region size 1024K, 3 young (3072K), 3 survivors (3072K)
 Metaspace       used 97021K, capacity 98309K, committed 98560K, reserved 1134592K
  class space    used 12045K, capacity 12423K, committed 12544K, reserved 1048576K
}
Event: 263.021 GC heap before
{Heap before GC invocations=53 (full 0):
 garbage-first heap   total 148480K, used 120236K [0x0000000080000000, 0x0000000100000000)
  region size 1024K, 36 young (36864K), 3 survivors (3072K)
 Metaspace       used 97566K, capacity 98902K, committed 99072K, reserved 1136640K
  class space    used 12055K, capacity 12438K, committed 12544K, reserved 1048576K
}

